#
# There is insufficient memory for the Java Runtime Environment to continue.
# Native memory allocation (mmap) failed to map 255852544 bytes for G1 virtual space
# Possible reasons:
#   The system is out of physical RAM or swap space
#   The process is running with CompressedOops enabled, and the Java Heap may be blocking the growth of the native heap
# Possible solutions:
#   Reduce memory load on the system
#   Increase physical memory or swap space
#   Check if swap backing store is full
#   Decrease Java heap size (-Xmx/-Xms)
#   Decrease number of Java threads
#   Decrease Java thread stack sizes (-Xss)
#   Set larger code cache with -XX:ReservedCodeCacheSize=
#   JVM is running with Zero Based Compressed Oops mode in which the Java heap is
#     placed in the first 32GB address space. The Java Heap base address is the
#     maximum limit for the native heap growth. Please use -XX:HeapBaseMinAddress
#     to set the Java Heap base and to place the Java Heap above 32GB virtual address.
# This output file may be truncated or incomplete.
#
#  Out of Memory Error (os_windows.cpp:3825), pid=51772, tid=48732
#
# JRE version:  (17.0.9) (build )
# Java VM: OpenJDK 64-Bit Server VM (17.0.9+0--11185874, mixed mode, sharing, tiered, compressed oops, compressed class ptrs, g1 gc, windows-amd64)
# No core dump will be written. Minidumps are not enabled by default on client versions of Windows
#

---------------  S U M M A R Y ------------

Command Line: org.jetbrains.kotlin.cli.jvm.K2JVMCompiler @C:\Users\Anuar\AndroidStudioProjects\FirebaseAuth\app\build\20240417_6721147599433438295.compiler.options

Host: AMD Ryzen 5 6600H with Radeon Graphics         , 12 cores, 15G,  Windows 10 , 64 bit Build 19041 (10.0.19041.3636)
Time: Wed Apr 17 22:39:20 2024  Windows 10 , 64 bit Build 19041 (10.0.19041.3636) elapsed time: 0.024319 seconds (0d 0h 0m 0s)

---------------  T H R E A D  ---------------

Current thread (0x00000211bfc8dfe0):  JavaThread "Unknown thread" [_thread_in_vm, id=48732, stack(0x0000002a5da00000,0x0000002a5db00000)]

Stack: [0x0000002a5da00000,0x0000002a5db00000]
Native frames: (J=compiled Java code, j=interpreted, Vv=VM code, C=native code)
V  [jvm.dll+0x6886e9]
V  [jvm.dll+0x841e4a]
V  [jvm.dll+0x843a8e]
V  [jvm.dll+0x8440f3]
V  [jvm.dll+0x24c14f]
V  [jvm.dll+0x685499]
V  [jvm.dll+0x679c2a]
V  [jvm.dll+0x30cf9b]
V  [jvm.dll+0x314446]
V  [jvm.dll+0x36425e]
V  [jvm.dll+0x36448f]
V  [jvm.dll+0x2e2d68]
V  [jvm.dll+0x2e3cd4]
V  [jvm.dll+0x8129f1]
V  [jvm.dll+0x3720c1]
V  [jvm.dll+0x7f152c]
V  [jvm.dll+0x3f5d4f]
V  [jvm.dll+0x3f7981]
C  [jli.dll+0x528f]
C  [ucrtbase.dll+0x21bb2]
C  [KERNEL32.DLL+0x17344]
C  [ntdll.dll+0x526b1]


---------------  P R O C E S S  ---------------

Threads class SMR info:
_java_thread_list=0x00007ffe67beef18, length=0, elements={
}

Java Threads: ( => current thread )

Other Threads:
  0x00000211bfcf7e40 GCTaskThread "GC Thread#0" [stack: 0x0000002a5db00000,0x0000002a5dc00000] [id=13684]
  0x00000211bfd08120 ConcurrentGCThread "G1 Main Marker" [stack: 0x0000002a5dc00000,0x0000002a5dd00000] [id=46728]
  0x00000211bfd08b40 ConcurrentGCThread "G1 Conc#0" [stack: 0x0000002a5dd00000,0x0000002a5de00000] [id=24656]

[error occurred during error reporting (printing all threads), id 0xc0000005, EXCEPTION_ACCESS_VIOLATION (0xc0000005) at pc=0x00007ffe673a3937]

VM state: not at safepoint (not fully initialized)

VM Mutex/Monitor currently owned by a thread:  ([mutex/lock_event])
[0x00000211bfc89d10] Heap_lock - owner thread: 0x00000211bfc8dfe0

Heap address: 0x000000070c600000, size: 3898 MB, Compressed Oops mode: Zero based, Oop shift amount: 3

CDS archive(s) mapped at: [0x0000000000000000-0x0000000000000000-0x0000000000000000), size 0, SharedBaseAddress: 0x0000000800000000, ArchiveRelocationMode: 1.
Narrow klass base: 0x0000000000000000, Narrow klass shift: 0, Narrow klass range: 0x0

GC Precious Log:
<Empty>

Heap:
 garbage-first heap   total 0K, used 0K [0x000000070c600000, 0x0000000800000000)
  region size 2048K, 0 young (0K), 0 survivors (0K)
 Metaspace       used 0K, committed 0K, reserved 0K
  class space    used 0K, committed 0K, reserved 0K

Heap Regions: E=young(eden), S=young(survivor), O=old, HS=humongous(starts), HC=humongous(continues), CS=collection set, F=free, OA=open archive, CA=closed archive, TAMS=top-at-mark-start (previous, next)

Card table byte_map: [0x00000211d4d70000,0x00000211d5510000] _byte_map_base: 0x00000211d150d000

Marking Bits (Prev, Next): (CMBitMap*) 0x00000211bfcf8460, (CMBitMap*) 0x00000211bfcf84a0
 Prev Bits: [0x00000211d5cb0000, 0x00000211d9998000)
 Next Bits: [0x00000211d99a0000, 0x00000211dd688000)

GC Heap History (0 events):
No events

Dll operation events (1 events):
Event: 0.013 Loaded shared library C:\Program Files\Android\Android Studio\jbr\bin\java.dll

Deoptimization events (0 events):
No events

Classes unloaded (0 events):
No events

Classes redefined (0 events):
No events

Internal exceptions (0 events):
No events

VM Operations (0 events):
No events

Events (0 events):
No events


Dynamic libraries:
0x00007ff6932f0000 - 0x00007ff6932fa000 	C:\Program Files\Android\Android Studio\jbr\bin\java.exe
0x00007ffead250000 - 0x00007ffead448000 	C:\Windows\SYSTEM32\ntdll.dll
0x00007ffeacf90000 - 0x00007ffead04d000 	C:\Windows\System32\KERNEL32.DLL
0x00007ffeaa900000 - 0x00007ffeaabf6000 	C:\Windows\System32\KERNELBASE.dll
0x00007ffeaac00000 - 0x00007ffeaad00000 	C:\Windows\System32\ucrtbase.dll
0x00007ffe95ae0000 - 0x00007ffe95afb000 	C:\Program Files\Android\Android Studio\jbr\bin\VCRUNTIME140.dll
0x00007ffe98490000 - 0x00007ffe984a7000 	C:\Program Files\Android\Android Studio\jbr\bin\jli.dll
0x00007ffeacde0000 - 0x00007ffeacf7f000 	C:\Windows\System32\USER32.dll
0x00007ffe97e80000 - 0x00007ffe9811a000 	C:\Windows\WinSxS\amd64_microsoft.windows.common-controls_6595b64144ccf1df_6.0.19041.3636_none_60b6a03d71f818d5\COMCTL32.dll
0x00007ffeab8a0000 - 0x00007ffeab93e000 	C:\Windows\System32\msvcrt.dll
0x00007ffeaae60000 - 0x00007ffeaae82000 	C:\Windows\System32\win32u.dll
0x00007ffeac280000 - 0x00007ffeac2ab000 	C:\Windows\System32\GDI32.dll
0x00007ffeab0b0000 - 0x00007ffeab1c7000 	C:\Windows\System32\gdi32full.dll
0x00007ffeaadc0000 - 0x00007ffeaae5d000 	C:\Windows\System32\msvcp_win.dll
0x00007ffeab860000 - 0x00007ffeab892000 	C:\Windows\System32\IMM32.DLL
0x00007ffea6140000 - 0x00007ffea614c000 	C:\Program Files\Android\Android Studio\jbr\bin\vcruntime140_1.dll
0x00007ffe95910000 - 0x00007ffe9599d000 	C:\Program Files\Android\Android Studio\jbr\bin\msvcp140.dll
0x00007ffe670b0000 - 0x00007ffe67d33000 	C:\Program Files\Android\Android Studio\jbr\bin\server\jvm.dll
0x00007ffeaca50000 - 0x00007ffeacb00000 	C:\Windows\System32\ADVAPI32.dll
0x00007ffead0b0000 - 0x00007ffead150000 	C:\Windows\System32\sechost.dll
0x00007ffeacb00000 - 0x00007ffeacc23000 	C:\Windows\System32\RPCRT4.dll
0x00007ffeab080000 - 0x00007ffeab0a7000 	C:\Windows\System32\bcrypt.dll
0x00007ffeaa6b0000 - 0x00007ffeaa6fb000 	C:\Windows\SYSTEM32\POWRPROF.dll
0x00007ffea7760000 - 0x00007ffea7769000 	C:\Windows\SYSTEM32\WSOCK32.dll
0x00007ffea0e80000 - 0x00007ffea0ea7000 	C:\Windows\SYSTEM32\WINMM.dll
0x00007ffeac2b0000 - 0x00007ffeac31b000 	C:\Windows\System32\WS2_32.dll
0x00007ffea3210000 - 0x00007ffea321a000 	C:\Windows\SYSTEM32\VERSION.dll
0x00007ffeaa690000 - 0x00007ffeaa6a2000 	C:\Windows\SYSTEM32\UMPDC.dll
0x00007ffea8730000 - 0x00007ffea8742000 	C:\Windows\SYSTEM32\kernel.appcore.dll
0x00007ffea7750000 - 0x00007ffea775a000 	C:\Program Files\Android\Android Studio\jbr\bin\jimage.dll
0x00007ffe9faf0000 - 0x00007ffe9fcd4000 	C:\Windows\SYSTEM32\DBGHELP.DLL
0x00007ffe915b0000 - 0x00007ffe915e4000 	C:\Windows\SYSTEM32\dbgcore.DLL
0x00007ffeaae90000 - 0x00007ffeaaf12000 	C:\Windows\System32\bcryptPrimitives.dll
0x00007ffea6240000 - 0x00007ffea6265000 	C:\Program Files\Android\Android Studio\jbr\bin\java.dll

dbghelp: loaded successfully - version: 4.0.5 - missing functions: none
symbol engine: initialized successfully - sym options: 0x614 - pdb path: .;C:\Program Files\Android\Android Studio\jbr\bin;C:\Windows\SYSTEM32;C:\Windows\WinSxS\amd64_microsoft.windows.common-controls_6595b64144ccf1df_6.0.19041.3636_none_60b6a03d71f818d5;C:\Program Files\Android\Android Studio\jbr\bin\server

VM Arguments:
java_command: org.jetbrains.kotlin.cli.jvm.K2JVMCompiler @C:\Users\Anuar\AndroidStudioProjects\FirebaseAuth\app\build\20240417_6721147599433438295.compiler.options
java_class_path (initial): C:\Users\Anuar\.gradle\caches\modules-2\files-2.1\org.jetbrains.kotlin\kotlin-compiler-embeddable\1.9.0\2c8c3a7402becca891f12739b3e9fd2dc2adbd7a\kotlin-compiler-embeddable-1.9.0.jar;C:\Users\Anuar\.gradle\caches\modules-2\files-2.1\org.jetbrains.kotlin\kotlin-stdlib\1.9.0\8ee15ef0c67dc83d874f412d84378d7f0eb50b63\kotlin-stdlib-1.9.0.jar;C:\Users\Anuar\.gradle\caches\modules-2\files-2.1\org.jetbrains.kotlin\kotlin-script-runtime\1.9.0\4b3102cbbb7e1b58d9d1adf89563f00069ffa7d1\kotlin-script-runtime-1.9.0.jar;C:\Users\Anuar\.gradle\caches\modules-2\files-2.1\org.jetbrains.kotlin\kotlin-reflect\1.6.10\1cbe9c92c12a94eea200d23c2bbaedaf3daf5132\kotlin-reflect-1.6.10.jar;C:\Users\Anuar\.gradle\caches\modules-2\files-2.1\org.jetbrains.kotlin\kotlin-daemon-embeddable\1.9.0\186543f5e28cf8d9a0290fecc2cf34301c40a65c\kotlin-daemon-embeddable-1.9.0.jar;C:\Users\Anuar\.gradle\caches\modules-2\files-2.1\org.jetbrains.intellij.deps\trove4j\1.0.20200330\3afb14d5f9ceb459d724e907a21145e8ff394f02\trove4j-1.0.20200330.jar;C:\Users\Anuar\.gradle\caches\modules-2\files-2.1\org.jetbrains.kotlin\kotlin-stdlib-common\1.9.0\cd65c21cfd1eec4d44ef09f9f52b6d9f8a720636\kotlin-stdlib-common-1.9.0.jar;C:\Users\Anuar\.gradle\caches\modules-2\files-2.1\org.jetbrains\annotations\13.0\919f0dfe192fb4e063e7dacadee7f8bb9a2672a9\annotations-13.0.jar
Launcher Type: SUN_STANDARD

[Global flags]
     intx CICompilerCount                          = 4                                         {product} {ergonomic}
     uint ConcGCThreads                            = 3                                         {product} {ergonomic}
     uint G1ConcRefinementThreads                  = 10                                        {product} {ergonomic}
   size_t G1HeapRegionSize                         = 2097152                                   {product} {ergonomic}
    uintx GCDrainStackTargetSize                   = 64                                        {product} {ergonomic}
   size_t InitialHeapSize                          = 255852544                                 {product} {ergonomic}
   size_t MarkStackSize                            = 4194304                                   {product} {ergonomic}
   size_t MaxHeapSize                              = 4087349248                                {product} {ergonomic}
   size_t MinHeapDeltaBytes                        = 2097152                                   {product} {ergonomic}
   size_t MinHeapSize                              = 8388608                                   {product} {ergonomic}
    uintx NonNMethodCodeHeapSize                   = 5839372                                {pd product} {ergonomic}
    uintx NonProfiledCodeHeapSize                  = 122909434                              {pd product} {ergonomic}
    uintx ProfiledCodeHeapSize                     = 122909434                              {pd product} {ergonomic}
    uintx ReservedCodeCacheSize                    = 251658240                              {pd product} {ergonomic}
     bool SegmentedCodeCache                       = true                                      {product} {ergonomic}
   size_t SoftMaxHeapSize                          = 4087349248                             {manageable} {ergonomic}
     bool UseCompressedClassPointers               = true                           {product lp64_product} {ergonomic}
     bool UseCompressedOops                        = true                           {product lp64_product} {ergonomic}
     bool UseG1GC                                  = true                                      {product} {ergonomic}
     bool UseLargePagesIndividualAllocation        = false                                  {pd product} {ergonomic}

Logging:
Log output configuration:
 #0: stdout all=warning uptime,level,tags
 #1: stderr all=off uptime,level,tags

Environment Variables:
PATH=C:\Program Files\Common Files\Oracle\Java\javapath;C:\Program Files (x86)\Common Files\Oracle\Java\javapath;C:\ProgramData\Oracle\Java\javapath;C:\Windows\system32;C:\Windows;C:\Windows\System32\Wbem;C:\Windows\System32\WindowsPowerShell\v1.0\;C:\Windows\System32\OpenSSH\;C:\Program Files (x86)\NVIDIA Corporation\PhysX\Common;C:\Program Files\NVIDIA Corporation\NVIDIA NvDLISR;C:\Program Files\Git\cmd;C:\Program Files\nodejs\;C:\Program Files\Git LFS;C:\Users\Anuar\AppData\Local\Programs\Python\Python312\Scripts\;C:\Users\Anuar\AppData\Local\Programs\Python\Python312\;C:\Users\Anuar\AppData\Local\Programs\Python\Python311\Scripts\;C:\Users\Anuar\AppData\Local\Programs\Python\Python311\;C:\Users\理筻\AppData\Local\Programs\Python\Python310\Scripts\;C:\Users\理筻\AppData\Local\Programs\Python\Python310\;C:\Users\Anuar\AppData\Local\Microsoft\WindowsApps;C:\MinGW\bin;C:\Users\理筻\AppData\Local\Programs\Microsoft VS Code\bin;C:\Users\Anuar\AppData\Local\JetBrains\IntelliJ IDEA Community Edition 2023.1.3\bin;;C:\Users\理筻\AppData\Local\GitHubDesktop\bin;C:\Users\Anuar\AppData\Local\GitHubDesktop\bin;C:\Program Files\JetBrains\DataGrip 2023.2.1\bin;;C:\Users\Anuar\AppData\Roaming\npm
USERNAME=Anuar
OS=Windows_NT
PROCESSOR_IDENTIFIER=AMD64 Family 25 Model 68 Stepping 1, AuthenticAMD
TMP=C:\Users\Anuar\AppData\Local\Temp
TEMP=C:\Users\Anuar\AppData\Local\Temp



Periodic native trim disabled

JNI global refs:
JNI global refs: 0, weak refs: 0

JNI global refs memory usage: 0, weak refs: 0

OOME stack traces (most recent first):
Classloader memory used:


---------------  S Y S T E M  ---------------

OS:
 Windows 10 , 64 bit Build 19041 (10.0.19041.3636)
OS uptime: 2 days 8:13 hours
Hyper-V role detected

CPU: total 12 (initial active 12) (12 cores per cpu, 2 threads per core) family 25 model 68 stepping 1 microcode 0x0, cx8, cmov, fxsr, ht, mmx, 3dnowpref, sse, sse2, sse3, ssse3, sse4a, sse4.1, sse4.2, popcnt, lzcnt, tsc, tscinvbit, avx, avx2, aes, clmul, bmi1, bmi2, adx, sha, fma, vzeroupper, clflush, clflushopt, hv
Processor Information for all 12 processors :
  Max Mhz: 3301, Current Mhz: 2503, Mhz Limit: 3301

Memory: 4k page, system-wide physical 15590M (3120M free)
TotalPageFile size 20710M (AvailPageFile size 29M)
current process WorkingSet (physical memory assigned to process): 10M, peak: 10M
current process commit charge ("private bytes"): 64M, peak: 308M

vm_info: OpenJDK 64-Bit Server VM (17.0.9+0--11185874) for windows-amd64 JRE (17.0.9+0--11185874), built on Dec  6 2023 18:57:44 by "androidbuild" with MS VC++ 16.10 / 16.11 (VS2019)

END.
